#
# There is insufficient memory for the Java Runtime Environment to continue.
# Native memory allocation (malloc) failed to allocate 1048576 bytes for AllocateHeap
# Possible reasons:
#   The system is out of physical RAM or swap space
#   In 32 bit mode, the process size limit was hit
# Possible solutions:
#   Reduce memory load on the system
#   Increase physical memory or swap space
#   Check if swap backing store is full
#   Use 64 bit Java on a 64 bit OS
#   Decrease Java heap size (-Xmx/-Xms)
#   Decrease number of Java threads
#   Decrease Java thread stack sizes (-Xss)
#   Set larger code cache with -XX:ReservedCodeCacheSize=
# This output file may be truncated or incomplete.
#
#  Out of Memory Error (memory/allocation.inline.hpp:61), pid=4420, tid=0x0000000000001ab0
#
# JRE version:  (8.0_101-b13) (build )
# Java VM: Java HotSpot(TM) 64-Bit Server VM (25.101-b13 mixed mode windows-amd64 compressed oops)
# Failed to write core dump. Minidumps are not enabled by default on client versions of Windows
#

---------------  T H R E A D  ---------------

Current thread (0x00000000023d1000):  JavaThread "Unknown thread" [_thread_in_vm, id=6832, stack(0x00000000022d0000,0x00000000023d0000)]

Stack: [0x00000000022d0000,0x00000000023d0000]
[error occurred during error reporting (printing stack bounds), id 0xc0000005]

Native frames: (J=compiled Java code, j=interpreted, Vv=VM code, C=native code)


---------------  P R O C E S S  ---------------

Java Threads: ( => current thread )

Other Threads:

=>0x00000000023d1000 (exited) JavaThread "Unknown thread" [_thread_in_vm, id=6832, stack(0x00000000022d0000,0x00000000023d0000)]

VM state:not at safepoint (normal execution)

VM Mutex/Monitor currently owned by a thread: None

Heap:
 PSYoungGen      total 2048K, used 30K [0x00000000d6000000, 0x00000000d6280000, 0x0000000100000000)
  eden space 1536K, 2% used [0x00000000d6000000,0x00000000d6007af0,0x00000000d6180000)
  from space 512K, 0% used [0x00000000d6200000,0x00000000d6200000,0x00000000d6280000)
  to   space 512K, 0% used [0x00000000d6180000,0x00000000d6180000,0x00000000d6200000)
 ParOldGen       total 5632K, used 0K [0x0000000082000000, 0x0000000082580000, 0x00000000d6000000)
  object space 5632K, 0% used [0x0000000082000000,0x0000000082000000,0x0000000082580000)
 Metaspace       used 769K, capacity 4480K, committed 4480K, reserved 1056768K
  class space    used 75K, capacity 384K, committed 384K, reserved 1048576K

Card table byte_map: [0x0000000011890000,0x0000000011c90000] byte_map_base: 0x0000000011480000

Marking Bits: (ParMarkBitMap*) 0x000000006aa8a6d0
 Begin Bits: [0x0000000012330000, 0x00000000142b0000)
 End Bits:   [0x00000000142b0000, 0x0000000016230000)

Polling page: 0x0000000000980000

CodeCache: size=245760Kb used=328Kb max_used=328Kb free=245431Kb
 bounds [0x00000000024d0000, 0x0000000002740000, 0x00000000114d0000]
 total_blobs=58 nmethods=0 adapters=38
 compilation: enabled

Compilation events (0 events):
No events

GC Heap History (0 events):
No events

Deoptimization events (0 events):
No events

Internal exceptions (0 events):
No events

Events (10 events):
Event: 0.027 loading class java/lang/Short
Event: 0.027 loading class java/lang/Short done
Event: 0.027 loading class java/lang/Integer
Event: 0.027 loading class java/lang/Integer done
Event: 0.027 loading class java/lang/Long
Event: 0.027 loading class java/lang/Long done
Event: 0.029 loading class java/lang/NullPointerException
Event: 0.029 loading class java/lang/NullPointerException done
Event: 0.029 loading class java/lang/ArithmeticException
Event: 0.029 loading class java/lang/ArithmeticException done


Dynamic libraries:
0x00007ff6d0440000 - 0x00007ff6d0447000 	C:\Program Files\java\jdk1.8.0_101\bin\javac.exe
0x00007ffab6bc0000 - 0x00007ffab6d81000 	C:\Windows\SYSTEM32\ntdll.dll
0x00007ffab6370000 - 0x00007ffab641d000 	C:\Windows\system32\KERNEL32.DLL
0x00007ffab3cb0000 - 0x00007ffab3e98000 	C:\Windows\system32\KERNELBASE.dll
0x000000006a1a0000 - 0x000000006a1cf000 	C:\Program Files\java\jdk1.8.0_101\bin\jli.dll
0x00007ffab4170000 - 0x00007ffab4217000 	C:\Windows\system32\ADVAPI32.dll
0x00007ffab44f0000 - 0x00007ffab458d000 	C:\Windows\system32\msvcrt.dll
0x00007ffab4490000 - 0x00007ffab44eb000 	C:\Windows\system32\sechost.dll
0x00007ffab4b80000 - 0x00007ffab4c9c000 	C:\Windows\system32\RPCRT4.dll
0x00007ffab4590000 - 0x00007ffab46e6000 	C:\Windows\system32\USER32.dll
0x00007ffab3fc0000 - 0x00007ffab4146000 	C:\Windows\system32\GDI32.dll
0x000000006a0c0000 - 0x000000006a192000 	C:\Program Files\java\jdk1.8.0_101\bin\MSVCR100.dll
0x00007ffaa6d30000 - 0x00007ffaa6fa4000 	C:\Windows\WinSxS\amd64_microsoft.windows.common-controls_6595b64144ccf1df_6.0.10586.494_none_a2d8b04ea53e3145\COMCTL32.dll
0x00007ffab4800000 - 0x00007ffab4a7d000 	C:\Windows\system32\combase.dll
0x00007ffab3f00000 - 0x00007ffab3f6a000 	C:\Windows\system32\bcryptPrimitives.dll
0x00007ffab6920000 - 0x00007ffab695b000 	C:\Windows\system32\IMM32.DLL
0x000000006ab10000 - 0x000000006abe2000 	C:\Program Files\java\jdk1.8.0_101\jre\bin\msvcr100.dll
0x000000006a270000 - 0x000000006ab0a000 	C:\Program Files\java\jdk1.8.0_101\jre\bin\server\jvm.dll
0x00007ffab4e00000 - 0x00007ffab4e08000 	C:\Windows\system32\PSAPI.DLL
0x00007ffab0960000 - 0x00007ffab0969000 	C:\Windows\SYSTEM32\WSOCK32.dll
0x00007ffaa7010000 - 0x00007ffaa701a000 	C:\Windows\SYSTEM32\VERSION.dll
0x00007ffab1460000 - 0x00007ffab1483000 	C:\Windows\SYSTEM32\WINMM.dll
0x0000000000530000 - 0x000000000055c000 	C:\Windows\SYSTEM32\WINMMBASE.dll
0x00007ffab3f70000 - 0x00007ffab3fb3000 	C:\Windows\system32\cfgmgr32.dll
0x00007ffab4b00000 - 0x00007ffab4b6b000 	C:\Windows\system32\WS2_32.dll
0x000000006a260000 - 0x000000006a26f000 	C:\Program Files\java\jdk1.8.0_101\jre\bin\verify.dll
0x000000006a230000 - 0x000000006a259000 	C:\Program Files\java\jdk1.8.0_101\jre\bin\java.dll
0x000000006a210000 - 0x000000006a226000 	C:\Program Files\java\jdk1.8.0_101\jre\bin\zip.dll

VM Arguments:
jvm_args: -Dapplication.home=C:\Program Files\java\jdk1.8.0_101 -Xms8m 
java_command: com.sun.tools.javac.Main -version
java_class_path (initial): C:\Program Files\java\jdk1.8.0_101/lib/tools.jar;C:\Program Files\java\jdk1.8.0_101/classes
Launcher Type: SUN_STANDARD

Environment Variables:
JAVA_HOME=C:\Program Files\java\jdk1.8.0_101
PATH=C:\ProgramData\Oracle\Java\javapath;C:\Program Files (x86)\Intel\iCLS Client\;C:\Program Files\Intel\iCLS Client\;C:\Windows\system32;C:\Windows;C:\Windows\System32\Wbem;C:\Windows\System32\WindowsPowerShell\v1.0\;C:\Program Files (x86)\Intel\Intel(R) Management Engine Components\DAL;C:\Program Files\Intel\Intel(R) Management Engine Components\DAL;C:\Program Files (x86)\Intel\Intel(R) Management Engine Components\IPT;C:\Program Files\Intel\Intel(R) Management Engine Components\IPT;C:\Program Files\Git\cmd;C:\Program Files\nodejs\;C:\Users\IrahTech\AppData\Local\Android\sdk\platform-tools;C:\Users\IrahTech\AppData\Local\Android\sdk\tools;C:\Users\IrahTech\AppData\Roaming\npm;C:\Program Files\java\jdk1.8.0_101\bin
USERNAME=IrahTech
OS=Windows_NT
PROCESSOR_IDENTIFIER=Intel64 Family 6 Model 78 Stepping 3, GenuineIntel



---------------  S Y S T E M  ---------------

OS: Windows 10.0 , 64 bit Build 10586 (10.0.10586.0)

CPU:total 4 (2 cores per cpu, 2 threads per core) family 6 model 78 stepping 3, cmov, cx8, fxsr, mmx, sse, sse2, sse3, ssse3, sse4.1, sse4.2, popcnt, avx, avx2, aes, clmul, erms, 3dnowpref, lzcnt, ht, tsc, tscinvbit, bmi1, bmi2, adx

Memory: 4k page, physical 8249680k(1347228k free), swap 33415504k(5272k free)

vm_info: Java HotSpot(TM) 64-Bit Server VM (25.101-b13) for windows-amd64 JRE (1.8.0_101-b13), built on Jun 22 2016 01:21:29 by "java_re" with MS VC++ 10.0 (VS2010)

time: Sun Aug 14 12:16:59 2016
elapsed time: 0 seconds (0d 0h 0m 0s)

